<?xml version="1.0" encoding="UTF-8" ?>
<testsuite failures="0" time="1.251" errors="0" skipped="0" tests="1" name="org.springbyexample.di.xml.SetterMessageTest">
  <properties>
    <property name="java.runtime.name" value="Java(TM) SE Runtime Environment"/>
    <property name="sun.boot.library.path" value="C:\Program Files\Java\jdk1.7.0_05\jre\bin"/>
    <property name="java.vm.version" value="23.1-b03"/>
    <property name="java.vm.vendor" value="Oracle Corporation"/>
    <property name="java.vendor.url" value="http://java.oracle.com/"/>
    <property name="path.separator" value=";"/>
    <property name="java.vm.name" value="Java HotSpot(TM) Client VM"/>
    <property name="file.encoding.pkg" value="sun.io"/>
    <property name="user.script" value=""/>
    <property name="user.country" value="US"/>
    <property name="sun.java.launcher" value="SUN_STANDARD"/>
    <property name="sun.os.patch.level" value="Service Pack 1"/>
    <property name="java.vm.specification.name" value="Java Virtual Machine Specification"/>
    <property name="user.dir" value="D:\eclipse - indigo and juno\workspace-springsource\basic-dependency-injection"/>
    <property name="java.runtime.version" value="1.7.0_05-b06"/>
    <property name="java.awt.graphicsenv" value="sun.awt.Win32GraphicsEnvironment"/>
    <property name="basedir" value="D:\eclipse - indigo and juno\workspace-springsource\basic-dependency-injection"/>
    <property name="java.endorsed.dirs" value="C:\Program Files\Java\jdk1.7.0_05\jre\lib\endorsed"/>
    <property name="os.arch" value="x86"/>
    <property name="surefire.real.class.path" value="C:\Users\NEERAJ~1\AppData\Local\Temp\surefirebooter1623569543588570791.jar"/>
    <property name="java.io.tmpdir" value="C:\Users\NEERAJ~1\AppData\Local\Temp\"/>
    <property name="line.separator" value="
"/>
    <property name="java.vm.specification.vendor" value="Oracle Corporation"/>
    <property name="user.variant" value=""/>
    <property name="os.name" value="Windows 7"/>
    <property name="sun.jnu.encoding" value="Cp1252"/>
    <property name="java.library.path" value="C:\Program Files\Java\jdk1.7.0_05\jre\bin;C:\Windows\Sun\Java\bin;C:\Windows\system32;C:\Windows;C:\Program Files\Common Files\Microsoft Shared\Windows Live;C:\Program Files\Common Files\Microsoft Shared\Windows Live;C:/Program Files/Java/jdk1.5.0_11/bin;C:\Windows\system32;C:\Windows;C:\Windows\System32\Wbem;C:\Program Files\Common Files\Roxio Shared\9.0\DLLShared\;;C:\Windows\System32\WindowsPowerShell\v1.0\;C:\Program Files\MIT\Kerberos\bin;C:\Program Files\Common Files\Microsoft Shared\Windows Live;."/>
    <property name="surefire.test.class.path" value="D:\eclipse - indigo and juno\workspace-springsource\basic-dependency-injection\target\test-classes;D:\eclipse - indigo and juno\workspace-springsource\basic-dependency-injection\target\classes;C:\Users\Neeraj Singh\.m2\repository\org\junit\com.springsource.org.junit\4.7.0\com.springsource.org.junit-4.7.0.jar;C:\Users\Neeraj Singh\.m2\repository\org\springframework\org.springframework.test\3.0.0.RELEASE\org.springframework.test-3.0.0.RELEASE.jar;C:\Users\Neeraj Singh\.m2\repository\org\springframework\org.springframework.beans\3.0.0.RELEASE\org.springframework.beans-3.0.0.RELEASE.jar;C:\Users\Neeraj Singh\.m2\repository\org\springframework\org.springframework.asm\3.0.0.RELEASE\org.springframework.asm-3.0.0.RELEASE.jar;C:\Users\Neeraj Singh\.m2\repository\org\springframework\org.springframework.context\3.0.0.RELEASE\org.springframework.context-3.0.0.RELEASE.jar;C:\Users\Neeraj Singh\.m2\repository\org\springframework\org.springframework.aop\3.0.0.RELEASE\org.springframework.aop-3.0.0.RELEASE.jar;C:\Users\Neeraj Singh\.m2\repository\org\aopalliance\com.springsource.org.aopalliance\1.0.0\com.springsource.org.aopalliance-1.0.0.jar;C:\Users\Neeraj Singh\.m2\repository\org\springframework\org.springframework.expression\3.0.0.RELEASE\org.springframework.expression-3.0.0.RELEASE.jar;C:\Users\Neeraj Singh\.m2\repository\org\springframework\org.springframework.context.support\3.0.0.RELEASE\org.springframework.context.support-3.0.0.RELEASE.jar;C:\Users\Neeraj Singh\.m2\repository\org\springframework\org.springframework.core\3.0.0.RELEASE\org.springframework.core-3.0.0.RELEASE.jar;C:\Users\Neeraj Singh\.m2\repository\org\slf4j\com.springsource.slf4j.api\1.5.10\com.springsource.slf4j.api-1.5.10.jar;C:\Users\Neeraj Singh\.m2\repository\org\slf4j\com.springsource.slf4j.org.apache.commons.logging\1.5.10\com.springsource.slf4j.org.apache.commons.logging-1.5.10.jar;C:\Users\Neeraj Singh\.m2\repository\org\apache\commons\com.springsource.org.apache.commons.logging\99.0-does-not-exist\com.springsource.org.apache.commons.logging-99.0-does-not-exist.jar;C:\Users\Neeraj Singh\.m2\repository\ch\qos\logback\com.springsource.ch.qos.logback.classic\0.9.15\com.springsource.ch.qos.logback.classic-0.9.15.jar;C:\Users\Neeraj Singh\.m2\repository\ch\qos\logback\com.springsource.ch.qos.logback.core\0.9.15\com.springsource.ch.qos.logback.core-0.9.15.jar;"/>
    <property name="java.specification.name" value="Java Platform API Specification"/>
    <property name="java.class.version" value="51.0"/>
    <property name="sun.management.compiler" value="HotSpot Client Compiler"/>
    <property name="os.version" value="6.1"/>
    <property name="user.home" value="C:\Users\Neeraj Singh"/>
    <property name="user.timezone" value="Asia/Calcutta"/>
    <property name="java.awt.printerjob" value="sun.awt.windows.WPrinterJob"/>
    <property name="java.specification.version" value="1.7"/>
    <property name="file.encoding" value="Cp1252"/>
    <property name="user.name" value="Neeraj Singh"/>
    <property name="java.class.path" value="D:\eclipse - indigo and juno\workspace-springsource\basic-dependency-injection\target\test-classes;D:\eclipse - indigo and juno\workspace-springsource\basic-dependency-injection\target\classes;C:\Users\Neeraj Singh\.m2\repository\org\junit\com.springsource.org.junit\4.7.0\com.springsource.org.junit-4.7.0.jar;C:\Users\Neeraj Singh\.m2\repository\org\springframework\org.springframework.test\3.0.0.RELEASE\org.springframework.test-3.0.0.RELEASE.jar;C:\Users\Neeraj Singh\.m2\repository\org\springframework\org.springframework.beans\3.0.0.RELEASE\org.springframework.beans-3.0.0.RELEASE.jar;C:\Users\Neeraj Singh\.m2\repository\org\springframework\org.springframework.asm\3.0.0.RELEASE\org.springframework.asm-3.0.0.RELEASE.jar;C:\Users\Neeraj Singh\.m2\repository\org\springframework\org.springframework.context\3.0.0.RELEASE\org.springframework.context-3.0.0.RELEASE.jar;C:\Users\Neeraj Singh\.m2\repository\org\springframework\org.springframework.aop\3.0.0.RELEASE\org.springframework.aop-3.0.0.RELEASE.jar;C:\Users\Neeraj Singh\.m2\repository\org\aopalliance\com.springsource.org.aopalliance\1.0.0\com.springsource.org.aopalliance-1.0.0.jar;C:\Users\Neeraj Singh\.m2\repository\org\springframework\org.springframework.expression\3.0.0.RELEASE\org.springframework.expression-3.0.0.RELEASE.jar;C:\Users\Neeraj Singh\.m2\repository\org\springframework\org.springframework.context.support\3.0.0.RELEASE\org.springframework.context.support-3.0.0.RELEASE.jar;C:\Users\Neeraj Singh\.m2\repository\org\springframework\org.springframework.core\3.0.0.RELEASE\org.springframework.core-3.0.0.RELEASE.jar;C:\Users\Neeraj Singh\.m2\repository\org\slf4j\com.springsource.slf4j.api\1.5.10\com.springsource.slf4j.api-1.5.10.jar;C:\Users\Neeraj Singh\.m2\repository\org\slf4j\com.springsource.slf4j.org.apache.commons.logging\1.5.10\com.springsource.slf4j.org.apache.commons.logging-1.5.10.jar;C:\Users\Neeraj Singh\.m2\repository\org\apache\commons\com.springsource.org.apache.commons.logging\99.0-does-not-exist\com.springsource.org.apache.commons.logging-99.0-does-not-exist.jar;C:\Users\Neeraj Singh\.m2\repository\ch\qos\logback\com.springsource.ch.qos.logback.classic\0.9.15\com.springsource.ch.qos.logback.classic-0.9.15.jar;C:\Users\Neeraj Singh\.m2\repository\ch\qos\logback\com.springsource.ch.qos.logback.core\0.9.15\com.springsource.ch.qos.logback.core-0.9.15.jar;"/>
    <property name="java.vm.specification.version" value="1.7"/>
    <property name="sun.arch.data.model" value="32"/>
    <property name="java.home" value="C:\Program Files\Java\jdk1.7.0_05\jre"/>
    <property name="sun.java.command" value="C:\Users\NEERAJ~1\AppData\Local\Temp\surefirebooter1623569543588570791.jar C:\Users\NEERAJ~1\AppData\Local\Temp\surefire7900124576547413948tmp C:\Users\NEERAJ~1\AppData\Local\Temp\surefire1546975539986828394tmp"/>
    <property name="java.specification.vendor" value="Oracle Corporation"/>
    <property name="user.language" value="en"/>
    <property name="awt.toolkit" value="sun.awt.windows.WToolkit"/>
    <property name="java.vm.info" value="mixed mode, sharing"/>
    <property name="java.version" value="1.7.0_05"/>
    <property name="java.ext.dirs" value="C:\Program Files\Java\jdk1.7.0_05\jre\lib\ext;C:\Windows\Sun\Java\lib\ext"/>
    <property name="sun.boot.class.path" value="C:\Program Files\Java\jdk1.7.0_05\jre\lib\resources.jar;C:\Program Files\Java\jdk1.7.0_05\jre\lib\rt.jar;C:\Program Files\Java\jdk1.7.0_05\jre\lib\sunrsasign.jar;C:\Program Files\Java\jdk1.7.0_05\jre\lib\jsse.jar;C:\Program Files\Java\jdk1.7.0_05\jre\lib\jce.jar;C:\Program Files\Java\jdk1.7.0_05\jre\lib\charsets.jar;C:\Program Files\Java\jdk1.7.0_05\jre\lib\jfr.jar;C:\Program Files\Java\jdk1.7.0_05\jre\classes"/>
    <property name="java.vendor" value="Oracle Corporation"/>
    <property name="localRepository" value="C:\Users\Neeraj Singh\.m2\repository"/>
    <property name="file.separator" value="\"/>
    <property name="java.vendor.url.bug" value="http://bugreport.sun.com/bugreport/"/>
    <property name="sun.cpu.endian" value="little"/>
    <property name="sun.io.unicode.encoding" value="UnicodeLittle"/>
    <property name="sun.desktop" value="windows"/>
    <property name="sun.cpu.isalist" value="pentium_pro+mmx pentium_pro pentium+mmx pentium i486 i386 i86"/>
  </properties>
  <testcase time="1.138" classname="org.springbyexample.di.xml.SetterMessageTest" name="testMessage"/>
</testsuite>